<?xml version="1.0" encoding="UTF-8"?>
<testng-results ignored="0" total="1" passed="1" failed="0" skipped="0">
  <reporter-output>
    <line>
      <![CDATA[Extent Report DirectoryC:\Users\Malika Refsi\IdeaProjects\AutomationFrameWork\target\surefire-reports\html]]>
    </line>
  </reporter-output>
  <suite started-at="2023-01-27T19:14:31 EST" name="Amazon Test" finished-at="2023-01-27T19:14:41 EST" duration-ms="9629">
    <groups>
    </groups>
    <test started-at="2023-01-27T19:14:31 EST" name="Amazon tests" finished-at="2023-01-27T19:14:41 EST" duration-ms="9629">
      <class name="test.TestLogin">
        <test-method is-config="true" signature="extentSetup(org.testng.ITestContext)[pri:0, instance:test.TestLogin@2cac4385]" started-at="2023-01-27T19:14:31 EST" name="extentSetup" finished-at="2023-01-27T19:14:31 EST" duration-ms="157" status="PASS">
          <params>
            <param index="0">
              <value>
                <![CDATA[org.testng.TestRunner@599a9cb2]]>
              </value>
            </param>
          </params>
          <reporter-output>
            <line>
              <![CDATA[Extent Report DirectoryC:\Users\Malika Refsi\IdeaProjects\AutomationFrameWork\target\surefire-reports\html]]>
            </line>
          </reporter-output>
        </test-method> <!-- extentSetup -->
        <test-method is-config="true" signature="setUp(boolean,java.lang.String,java.lang.String,java.lang.String,java.lang.String,java.lang.String,java.lang.String)[pri:0, instance:test.TestLogin@2cac4385]" started-at="2023-01-27T19:14:31 EST" name="setUp" finished-at="2023-01-27T19:14:37 EST" duration-ms="5170" status="PASS">
          <params>
            <param index="0">
              <value>
                <![CDATA[false]]>
              </value>
            </param>
            <param index="1">
              <value>
                <![CDATA[browserstack]]>
              </value>
            </param>
            <param index="2">
              <value>
                <![CDATA[windows]]>
              </value>
            </param>
            <param index="3">
              <value>
                <![CDATA[11]]>
              </value>
            </param>
            <param index="4">
              <value>
                <![CDATA[chrome]]>
              </value>
            </param>
            <param index="5">
              <value>
                <![CDATA[100]]>
              </value>
            </param>
            <param index="6">
              <value>
                <![CDATA[https://www.amazon.com/]]>
              </value>
            </param>
          </params>
          <reporter-output>
          </reporter-output>
        </test-method> <!-- setUp -->
        <test-method is-config="true" signature="startExtent(java.lang.reflect.Method)[pri:0, instance:test.TestLogin@2cac4385]" started-at="2023-01-27T19:14:37 EST" name="startExtent" finished-at="2023-01-27T19:14:37 EST" duration-ms="8" status="PASS">
          <params>
            <param index="0">
              <value>
                <![CDATA[public void test.TestLogin.invalidEmailAddress() throws java.lang.InterruptedException]]>
              </value>
            </param>
          </params>
          <reporter-output>
          </reporter-output>
        </test-method> <!-- startExtent -->
        <test-method signature="invalidEmailAddress()[pri:0, instance:test.TestLogin@2cac4385]" started-at="2023-01-27T19:14:37 EST" name="invalidEmailAddress" finished-at="2023-01-27T19:14:40 EST" duration-ms="3453" status="PASS">
          <reporter-output>
          </reporter-output>
        </test-method> <!-- invalidEmailAddress -->
        <test-method is-config="true" signature="afterEachTestMethod(org.testng.ITestResult)[pri:0, instance:test.TestLogin@2cac4385]" started-at="2023-01-27T19:14:40 EST" name="afterEachTestMethod" finished-at="2023-01-27T19:14:41 EST" duration-ms="957" status="PASS">
          <params>
            <param index="0">
              <value>
                <![CDATA[[TestResult name=invalidEmailAddress status=SUCCESS method=TestLogin.invalidEmailAddress()[pri:0, instance:test.TestLogin@2cac4385] output={null}]]]>
              </value>
            </param>
          </params>
          <reporter-output>
          </reporter-output>
        </test-method> <!-- afterEachTestMethod -->
        <test-method is-config="true" signature="generateReport()[pri:0, instance:test.TestLogin@2cac4385]" started-at="2023-01-27T19:14:41 EST" name="generateReport" finished-at="2023-01-27T19:14:41 EST" duration-ms="79" status="PASS">
          <reporter-output>
          </reporter-output>
        </test-method> <!-- generateReport -->
      </class> <!-- test.TestLogin -->
    </test> <!-- Amazon tests -->
  </suite> <!-- Amazon Test -->
</testng-results>
